{"/media/memilan/mount-one/go-lang/bank_mgmt/app.ts": {"path":"/media/memilan/mount-one/go-lang/bank_mgmt/app.ts","statementMap":{"0":{"start":{"line":1,"column":0},"end":{"line":1,"column":28}},"1":{"start":{"line":2,"column":0},"end":{"line":2,"column":67}},"2":{"start":{"line":3,"column":0},"end":{"line":3,"column":76}},"3":{"start":{"line":4,"column":0},"end":{"line":4,"column":53}},"4":{"start":{"line":5,"column":0},"end":{"line":5,"column":52}},"5":{"start":{"line":6,"column":0},"end":{"line":6,"column":55}},"6":{"start":{"line":8,"column":0},"end":{"line":8,"column":48}},"7":{"start":{"line":10,"column":0},"end":{"line":10,"column":47}},"8":{"start":{"line":12,"column":12},"end":{"line":12,"column":21}},"9":{"start":{"line":13,"column":0},"end":{"line":13,"column":24}},"10":{"start":{"line":14,"column":0},"end":{"line":14,"column":16}},"11":{"start":{"line":26,"column":0},"end":{"line":26,"column":17}},"12":{"start":{"line":28,"column":0},"end":{"line":28,"column":43}},"13":{"start":{"line":29,"column":0},"end":{"line":29,"column":42}},"14":{"start":{"line":30,"column":0},"end":{"line":30,"column":45}},"15":{"start":{"line":31,"column":0},"end":{"line":31,"column":38}},"16":{"start":{"line":32,"column":0},"end":{"line":39,"column":3}},"17":{"start":{"line":33,"column":2},"end":{"line":38,"column":4}},"18":{"start":{"line":41,"column":0},"end":{"line":43,"column":3}},"19":{"start":{"line":42,"column":2},"end":{"line":42,"column":37}},"20":{"start":{"line":45,"column":0},"end":{"line":45,"column":19}}},"fnMap":{"0":{"name":"(anonymous_1)","decl":{"start":{"line":32,"column":13},"end":{"line":32,"column":14}},"loc":{"start":{"line":32,"column":65},"end":{"line":39,"column":1}}},"1":{"name":"(anonymous_2)","decl":{"start":{"line":41,"column":8},"end":{"line":41,"column":9}},"loc":{"start":{"line":41,"column":82},"end":{"line":43,"column":1}}}},"branchMap":{},"s":{"0":1,"1":1,"2":1,"3":1,"4":1,"5":1,"6":1,"7":1,"8":1,"9":1,"10":1,"11":1,"12":1,"13":1,"14":1,"15":1,"16":1,"17":0,"18":1,"19":0,"20":1},"f":{"0":0,"1":0},"b":{}}
,"/media/memilan/mount-one/go-lang/bank_mgmt/controller/accounts/accounts.controller.ts": {"path":"/media/memilan/mount-one/go-lang/bank_mgmt/controller/accounts/accounts.controller.ts","statementMap":{"0":{"start":{"line":2,"column":0},"end":{"line":2,"column":38}},"1":{"start":{"line":3,"column":0},"end":{"line":3,"column":56}},"2":{"start":{"line":4,"column":0},"end":{"line":4,"column":33}},"3":{"start":{"line":5,"column":0},"end":{"line":5,"column":63}},"4":{"start":{"line":6,"column":0},"end":{"line":6,"column":52}},"5":{"start":{"line":8,"column":0},"end":{"line":8,"column":null}},"6":{"start":{"line":9,"column":2},"end":{"line":9,"column":null}},"7":{"start":{"line":10,"column":2},"end":{"line":10,"column":null}},"8":{"start":{"line":11,"column":2},"end":{"line":11,"column":null}},"9":{"start":{"line":14,"column":19},"end":{"line":28,"column":2}},"10":{"start":{"line":14,"column":93},"end":{"line":28,"column":2}},"11":{"start":{"line":15,"column":17},"end":{"line":15,"column":27}},"12":{"start":{"line":17,"column":24},"end":{"line":17,"column":93}},"13":{"start":{"line":19,"column":2},"end":{"line":21,"column":3}},"14":{"start":{"line":20,"column":4},"end":{"line":20,"column":78}},"15":{"start":{"line":23,"column":2},"end":{"line":27,"column":5}},"16":{"start":{"line":30,"column":23},"end":{"line":42,"column":2}},"17":{"start":{"line":30,"column":97},"end":{"line":42,"column":2}},"18":{"start":{"line":31,"column":22},"end":{"line":31,"column":84}},"19":{"start":{"line":33,"column":2},"end":{"line":35,"column":3}},"20":{"start":{"line":34,"column":4},"end":{"line":34,"column":58}},"21":{"start":{"line":37,"column":2},"end":{"line":41,"column":5}},"22":{"start":{"line":44,"column":22},"end":{"line":76,"column":2}},"23":{"start":{"line":44,"column":76},"end":{"line":76,"column":2}},"24":{"start":{"line":45,"column":52},"end":{"line":45,"column":60}},"25":{"start":{"line":47,"column":2},"end":{"line":52,"column":3}},"26":{"start":{"line":48,"column":4},"end":{"line":51,"column":7}},"27":{"start":{"line":54,"column":2},"end":{"line":59,"column":3}},"28":{"start":{"line":55,"column":4},"end":{"line":58,"column":7}},"29":{"start":{"line":61,"column":18},"end":{"line":68,"column":16}},"30":{"start":{"line":70,"column":2},"end":{"line":70,"column":33}},"31":{"start":{"line":72,"column":2},"end":{"line":75,"column":5}},"32":{"start":{"line":78,"column":22},"end":{"line":101,"column":2}},"33":{"start":{"line":78,"column":96},"end":{"line":101,"column":2}},"34":{"start":{"line":79,"column":17},"end":{"line":79,"column":27}},"35":{"start":{"line":80,"column":24},"end":{"line":80,"column":93}},"36":{"start":{"line":82,"column":2},"end":{"line":84,"column":3}},"37":{"start":{"line":83,"column":4},"end":{"line":83,"column":78}},"38":{"start":{"line":86,"column":2},"end":{"line":88,"column":3}},"39":{"start":{"line":87,"column":4},"end":{"line":87,"column":76}},"40":{"start":{"line":90,"column":29},"end":{"line":92,"column":4}},"41":{"start":{"line":94,"column":2},"end":{"line":94,"column":45}},"42":{"start":{"line":96,"column":2},"end":{"line":100,"column":5}},"43":{"start":{"line":103,"column":22},"end":{"line":118,"column":2}},"44":{"start":{"line":103,"column":96},"end":{"line":118,"column":2}},"45":{"start":{"line":104,"column":17},"end":{"line":104,"column":27}},"46":{"start":{"line":105,"column":24},"end":{"line":105,"column":93}},"47":{"start":{"line":107,"column":2},"end":{"line":109,"column":3}},"48":{"start":{"line":108,"column":4},"end":{"line":108,"column":78}},"49":{"start":{"line":111,"column":2},"end":{"line":111,"column":68}},"50":{"start":{"line":113,"column":2},"end":{"line":117,"column":5}},"51":{"start":{"line":120,"column":0},"end":{"line":120,"column":91}}},"fnMap":{"0":{"name":"(anonymous_8)","decl":{"start":{"line":8,"column":0},"end":{"line":8,"column":5}},"loc":{"start":{"line":8,"column":17},"end":{"line":12,"column":1}}},"1":{"name":"(anonymous_9)","decl":{"start":{"line":14,"column":35},"end":{"line":14,"column":42}},"loc":{"start":{"line":14,"column":93},"end":{"line":28,"column":2}}},"2":{"name":"(anonymous_10)","decl":{"start":{"line":14,"column":93},"end":{"line":14,"column":null}},"loc":{"start":{"line":14,"column":93},"end":{"line":28,"column":1}}},"3":{"name":"(anonymous_11)","decl":{"start":{"line":30,"column":39},"end":{"line":30,"column":46}},"loc":{"start":{"line":30,"column":97},"end":{"line":42,"column":2}}},"4":{"name":"(anonymous_12)","decl":{"start":{"line":30,"column":97},"end":{"line":30,"column":null}},"loc":{"start":{"line":30,"column":97},"end":{"line":42,"column":1}}},"5":{"name":"(anonymous_13)","decl":{"start":{"line":44,"column":38},"end":{"line":44,"column":45}},"loc":{"start":{"line":44,"column":76},"end":{"line":76,"column":2}}},"6":{"name":"(anonymous_14)","decl":{"start":{"line":44,"column":76},"end":{"line":44,"column":null}},"loc":{"start":{"line":44,"column":76},"end":{"line":76,"column":1}}},"7":{"name":"(anonymous_15)","decl":{"start":{"line":78,"column":38},"end":{"line":78,"column":45}},"loc":{"start":{"line":78,"column":96},"end":{"line":101,"column":2}}},"8":{"name":"(anonymous_16)","decl":{"start":{"line":78,"column":96},"end":{"line":78,"column":null}},"loc":{"start":{"line":78,"column":96},"end":{"line":101,"column":1}}},"9":{"name":"(anonymous_17)","decl":{"start":{"line":103,"column":38},"end":{"line":103,"column":45}},"loc":{"start":{"line":103,"column":96},"end":{"line":118,"column":2}}},"10":{"name":"(anonymous_18)","decl":{"start":{"line":103,"column":96},"end":{"line":103,"column":null}},"loc":{"start":{"line":103,"column":96},"end":{"line":118,"column":1}}}},"branchMap":{"0":{"loc":{"start":{"line":8,"column":5},"end":{"line":8,"column":null}},"type":"binary-expr","locations":[{"start":{"line":8,"column":5},"end":{"line":8,"column":17}},{"start":{"line":8,"column":5},"end":{"line":8,"column":null}}]},"1":{"loc":{"start":{"line":19,"column":2},"end":{"line":21,"column":3}},"type":"if","locations":[{"start":{"line":19,"column":2},"end":{"line":21,"column":3}}]},"2":{"loc":{"start":{"line":19,"column":6},"end":{"line":19,"column":50}},"type":"binary-expr","locations":[{"start":{"line":19,"column":6},"end":{"line":19,"column":20}},{"start":{"line":19,"column":24},"end":{"line":19,"column":50}}]},"3":{"loc":{"start":{"line":33,"column":2},"end":{"line":35,"column":3}},"type":"if","locations":[{"start":{"line":33,"column":2},"end":{"line":35,"column":3}}]},"4":{"loc":{"start":{"line":47,"column":2},"end":{"line":52,"column":3}},"type":"if","locations":[{"start":{"line":47,"column":2},"end":{"line":52,"column":3}}]},"5":{"loc":{"start":{"line":47,"column":6},"end":{"line":47,"column":70}},"type":"binary-expr","locations":[{"start":{"line":47,"column":6},"end":{"line":47,"column":12}},{"start":{"line":47,"column":16},"end":{"line":47,"column":41}},{"start":{"line":47,"column":45},"end":{"line":47,"column":70}}]},"6":{"loc":{"start":{"line":54,"column":2},"end":{"line":59,"column":3}},"type":"if","locations":[{"start":{"line":54,"column":2},"end":{"line":59,"column":3}}]},"7":{"loc":{"start":{"line":82,"column":2},"end":{"line":84,"column":3}},"type":"if","locations":[{"start":{"line":82,"column":2},"end":{"line":84,"column":3}}]},"8":{"loc":{"start":{"line":86,"column":2},"end":{"line":88,"column":3}},"type":"if","locations":[{"start":{"line":86,"column":2},"end":{"line":88,"column":3}}]},"9":{"loc":{"start":{"line":107,"column":2},"end":{"line":109,"column":3}},"type":"if","locations":[{"start":{"line":107,"column":2},"end":{"line":109,"column":3}}]}},"s":{"0":1,"1":1,"2":1,"3":1,"4":1,"5":1,"6":1,"7":1,"8":1,"9":1,"10":0,"11":0,"12":0,"13":0,"14":0,"15":0,"16":1,"17":1,"18":1,"19":1,"20":0,"21":1,"22":1,"23":1,"24":1,"25":1,"26":0,"27":1,"28":0,"29":1,"30":1,"31":1,"32":1,"33":0,"34":0,"35":0,"36":0,"37":0,"38":0,"39":0,"40":0,"41":0,"42":0,"43":1,"44":0,"45":0,"46":0,"47":0,"48":0,"49":0,"50":0,"51":1},"f":{"0":1,"1":0,"2":0,"3":1,"4":1,"5":1,"6":1,"7":0,"8":0,"9":0,"10":0},"b":{"0":[1,1],"1":[0],"2":[0,0],"3":[0],"4":[0],"5":[1,1,1],"6":[0],"7":[0],"8":[0],"9":[0]}}
,"/media/memilan/mount-one/go-lang/bank_mgmt/controller/auth/password.ts": {"path":"/media/memilan/mount-one/go-lang/bank_mgmt/controller/auth/password.ts","statementMap":{"0":{"start":{"line":1,"column":0},"end":{"line":1,"column":28}},"1":{"start":{"line":3,"column":30},"end":{"line":8,"column":2}},"2":{"start":{"line":3,"column":74},"end":{"line":8,"column":2}},"3":{"start":{"line":4,"column":15},"end":{"line":4,"column":37}},"4":{"start":{"line":5,"column":25},"end":{"line":5,"column":58}},"5":{"start":{"line":7,"column":2},"end":{"line":7,"column":24}},"6":{"start":{"line":3,"column":13},"end":{"line":3,"column":30}},"7":{"start":{"line":10,"column":30},"end":{"line":12,"column":2}},"8":{"start":{"line":10,"column":104},"end":{"line":12,"column":2}},"9":{"start":{"line":11,"column":2},"end":{"line":11,"column":61}},"10":{"start":{"line":10,"column":13},"end":{"line":10,"column":30}}},"fnMap":{"0":{"name":"(anonymous_8)","decl":{"start":{"line":3,"column":30},"end":{"line":3,"column":37}},"loc":{"start":{"line":3,"column":74},"end":{"line":8,"column":2}}},"1":{"name":"(anonymous_9)","decl":{"start":{"line":3,"column":74},"end":{"line":3,"column":null}},"loc":{"start":{"line":3,"column":74},"end":{"line":8,"column":1}}},"2":{"name":"(anonymous_10)","decl":{"start":{"line":10,"column":30},"end":{"line":10,"column":37}},"loc":{"start":{"line":10,"column":104},"end":{"line":12,"column":2}}},"3":{"name":"(anonymous_11)","decl":{"start":{"line":10,"column":104},"end":{"line":10,"column":null}},"loc":{"start":{"line":10,"column":104},"end":{"line":12,"column":1}}}},"branchMap":{},"s":{"0":2,"1":2,"2":2,"3":2,"4":2,"5":2,"6":2,"7":2,"8":2,"9":2,"10":2},"f":{"0":2,"1":2,"2":2,"3":2},"b":{}}
,"/media/memilan/mount-one/go-lang/bank_mgmt/controller/entries/entries.controller.ts": {"path":"/media/memilan/mount-one/go-lang/bank_mgmt/controller/entries/entries.controller.ts","statementMap":{"0":{"start":{"line":2,"column":0},"end":{"line":2,"column":63}},"1":{"start":{"line":3,"column":0},"end":{"line":3,"column":38}},"2":{"start":{"line":4,"column":0},"end":{"line":4,"column":42}},"3":{"start":{"line":5,"column":0},"end":{"line":5,"column":33}},"4":{"start":{"line":6,"column":0},"end":{"line":6,"column":52}},"5":{"start":{"line":8,"column":17},"end":{"line":25,"column":2}},"6":{"start":{"line":8,"column":91},"end":{"line":25,"column":2}},"7":{"start":{"line":9,"column":17},"end":{"line":9,"column":27}},"8":{"start":{"line":10,"column":16},"end":{"line":14,"column":13}},"9":{"start":{"line":16,"column":2},"end":{"line":18,"column":3}},"10":{"start":{"line":17,"column":4},"end":{"line":17,"column":79}},"11":{"start":{"line":20,"column":2},"end":{"line":24,"column":5}},"12":{"start":{"line":27,"column":20},"end":{"line":40,"column":2}},"13":{"start":{"line":27,"column":94},"end":{"line":40,"column":2}},"14":{"start":{"line":28,"column":32},"end":{"line":28,"column":40}},"15":{"start":{"line":30,"column":2},"end":{"line":32,"column":3}},"16":{"start":{"line":31,"column":4},"end":{"line":31,"column":58}},"17":{"start":{"line":34,"column":17},"end":{"line":34,"column":91}},"18":{"start":{"line":36,"column":2},"end":{"line":39,"column":5}},"19":{"start":{"line":42,"column":22},"end":{"line":54,"column":2}},"20":{"start":{"line":42,"column":96},"end":{"line":54,"column":2}},"21":{"start":{"line":43,"column":17},"end":{"line":43,"column":75}},"22":{"start":{"line":45,"column":2},"end":{"line":47,"column":3}},"23":{"start":{"line":46,"column":4},"end":{"line":46,"column":58}},"24":{"start":{"line":49,"column":2},"end":{"line":53,"column":5}},"25":{"start":{"line":56,"column":0},"end":{"line":56,"column":56}}},"fnMap":{"0":{"name":"(anonymous_8)","decl":{"start":{"line":8,"column":33},"end":{"line":8,"column":40}},"loc":{"start":{"line":8,"column":91},"end":{"line":25,"column":2}}},"1":{"name":"(anonymous_9)","decl":{"start":{"line":8,"column":91},"end":{"line":8,"column":null}},"loc":{"start":{"line":8,"column":91},"end":{"line":25,"column":1}}},"2":{"name":"(anonymous_10)","decl":{"start":{"line":27,"column":36},"end":{"line":27,"column":43}},"loc":{"start":{"line":27,"column":94},"end":{"line":40,"column":2}}},"3":{"name":"(anonymous_11)","decl":{"start":{"line":27,"column":94},"end":{"line":27,"column":null}},"loc":{"start":{"line":27,"column":94},"end":{"line":40,"column":1}}},"4":{"name":"(anonymous_12)","decl":{"start":{"line":42,"column":38},"end":{"line":42,"column":45}},"loc":{"start":{"line":42,"column":96},"end":{"line":54,"column":2}}},"5":{"name":"(anonymous_13)","decl":{"start":{"line":42,"column":96},"end":{"line":42,"column":null}},"loc":{"start":{"line":42,"column":96},"end":{"line":54,"column":1}}}},"branchMap":{"0":{"loc":{"start":{"line":16,"column":2},"end":{"line":18,"column":3}},"type":"if","locations":[{"start":{"line":16,"column":2},"end":{"line":18,"column":3}}]},"1":{"loc":{"start":{"line":16,"column":6},"end":{"line":16,"column":34}},"type":"binary-expr","locations":[{"start":{"line":16,"column":6},"end":{"line":16,"column":12}},{"start":{"line":16,"column":16},"end":{"line":16,"column":34}}]},"2":{"loc":{"start":{"line":30,"column":2},"end":{"line":32,"column":3}},"type":"if","locations":[{"start":{"line":30,"column":2},"end":{"line":32,"column":3}}]},"3":{"loc":{"start":{"line":30,"column":6},"end":{"line":30,"column":27}},"type":"binary-expr","locations":[{"start":{"line":30,"column":6},"end":{"line":30,"column":16}},{"start":{"line":30,"column":20},"end":{"line":30,"column":27}}]},"4":{"loc":{"start":{"line":45,"column":2},"end":{"line":47,"column":3}},"type":"if","locations":[{"start":{"line":45,"column":2},"end":{"line":47,"column":3}}]}},"s":{"0":1,"1":1,"2":1,"3":1,"4":1,"5":1,"6":0,"7":0,"8":0,"9":0,"10":0,"11":0,"12":1,"13":0,"14":0,"15":0,"16":0,"17":0,"18":0,"19":1,"20":0,"21":0,"22":0,"23":0,"24":0,"25":1},"f":{"0":0,"1":0,"2":0,"3":0,"4":0,"5":0},"b":{"0":[0],"1":[0,0],"2":[0],"3":[0,0],"4":[0]}}
,"/media/memilan/mount-one/go-lang/bank_mgmt/controller/errors/errors.controller.ts": {"path":"/media/memilan/mount-one/go-lang/bank_mgmt/controller/errors/errors.controller.ts","statementMap":{"0":{"start":{"line":4,"column":35},"end":{"line":23,"column":1}},"1":{"start":{"line":5,"column":2},"end":{"line":5,"column":46}},"2":{"start":{"line":7,"column":2},"end":{"line":7,"column":37}},"3":{"start":{"line":8,"column":2},"end":{"line":8,"column":41}},"4":{"start":{"line":10,"column":2},"end":{"line":17,"column":3}},"5":{"start":{"line":13,"column":4},"end":{"line":16,"column":7}},"6":{"start":{"line":19,"column":2},"end":{"line":22,"column":5}},"7":{"start":{"line":4,"column":13},"end":{"line":4,"column":35}}},"fnMap":{"0":{"name":"(anonymous_0)","decl":{"start":{"line":4,"column":35},"end":{"line":4,"column":36}},"loc":{"start":{"line":4,"column":89},"end":{"line":23,"column":1}}}},"branchMap":{"0":{"loc":{"start":{"line":7,"column":15},"end":{"line":7,"column":36}},"type":"binary-expr","locations":[{"start":{"line":7,"column":15},"end":{"line":7,"column":25}},{"start":{"line":7,"column":29},"end":{"line":7,"column":36}}]},"1":{"loc":{"start":{"line":8,"column":19},"end":{"line":8,"column":40}},"type":"binary-expr","locations":[{"start":{"line":8,"column":19},"end":{"line":8,"column":33}},{"start":{"line":8,"column":37},"end":{"line":8,"column":40}}]},"2":{"loc":{"start":{"line":10,"column":2},"end":{"line":17,"column":3}},"type":"if","locations":[{"start":{"line":10,"column":2},"end":{"line":17,"column":3}}]},"3":{"loc":{"start":{"line":10,"column":6},"end":{"line":10,"column":50}},"type":"binary-expr","locations":[{"start":{"line":10,"column":6},"end":{"line":10,"column":26}},{"start":{"line":10,"column":30},"end":{"line":10,"column":50}}]}},"s":{"0":1,"1":0,"2":0,"3":0,"4":0,"5":0,"6":0,"7":1},"f":{"0":0},"b":{"0":[0,0],"1":[0,0],"2":[0],"3":[0,0]}}
,"/media/memilan/mount-one/go-lang/bank_mgmt/controller/transfers/transaction.contoller.ts": {"path":"/media/memilan/mount-one/go-lang/bank_mgmt/controller/transfers/transaction.contoller.ts","statementMap":{"0":{"start":{"line":1,"column":0},"end":{"line":1,"column":38}},"1":{"start":{"line":2,"column":0},"end":{"line":2,"column":38}},"2":{"start":{"line":3,"column":0},"end":{"line":3,"column":101}},"3":{"start":{"line":16,"column":26},"end":{"line":57,"column":2}},"4":{"start":{"line":16,"column":89},"end":{"line":57,"column":2}},"5":{"start":{"line":17,"column":40},"end":{"line":24,"column":4}},"6":{"start":{"line":26,"column":2},"end":{"line":54,"column":5}},"7":{"start":{"line":26,"column":37},"end":{"line":54,"column":4}},"8":{"start":{"line":27,"column":31},"end":{"line":27,"column":144}},"9":{"start":{"line":30,"column":4},"end":{"line":33,"column":19}},"10":{"start":{"line":36,"column":4},"end":{"line":36,"column":128}},"11":{"start":{"line":39,"column":4},"end":{"line":39,"column":123}},"12":{"start":{"line":42,"column":4},"end":{"line":46,"column":19}},"13":{"start":{"line":49,"column":4},"end":{"line":53,"column":19}},"14":{"start":{"line":56,"column":2},"end":{"line":56,"column":21}},"15":{"start":{"line":16,"column":13},"end":{"line":16,"column":26}}},"fnMap":{"0":{"name":"(anonymous_7)","decl":{"start":{"line":16,"column":26},"end":{"line":16,"column":33}},"loc":{"start":{"line":16,"column":89},"end":{"line":57,"column":2}}},"1":{"name":"(anonymous_8)","decl":{"start":{"line":16,"column":89},"end":{"line":16,"column":null}},"loc":{"start":{"line":16,"column":89},"end":{"line":57,"column":1}}},"2":{"name":"(anonymous_9)","decl":{"start":{"line":26,"column":23},"end":{"line":26,"column":30}},"loc":{"start":{"line":26,"column":37},"end":{"line":54,"column":4}}},"3":{"name":"(anonymous_10)","decl":{"start":{"line":26,"column":37},"end":{"line":26,"column":null}},"loc":{"start":{"line":26,"column":37},"end":{"line":54,"column":3}}}},"branchMap":{},"s":{"0":1,"1":1,"2":1,"3":1,"4":0,"5":0,"6":0,"7":0,"8":0,"9":0,"10":0,"11":0,"12":0,"13":0,"14":0,"15":1},"f":{"0":0,"1":0,"2":0,"3":0},"b":{}}
,"/media/memilan/mount-one/go-lang/bank_mgmt/controller/transfers/transfers.controller.ts": {"path":"/media/memilan/mount-one/go-lang/bank_mgmt/controller/transfers/transfers.controller.ts","statementMap":{"0":{"start":{"line":2,"column":0},"end":{"line":2,"column":38}},"1":{"start":{"line":3,"column":0},"end":{"line":3,"column":77}},"2":{"start":{"line":4,"column":0},"end":{"line":4,"column":63}},"3":{"start":{"line":5,"column":0},"end":{"line":5,"column":52}},"4":{"start":{"line":6,"column":0},"end":{"line":6,"column":33}},"5":{"start":{"line":7,"column":0},"end":{"line":7,"column":53}},"6":{"start":{"line":11,"column":20},"end":{"line":28,"column":2}},"7":{"start":{"line":11,"column":94},"end":{"line":28,"column":2}},"8":{"start":{"line":12,"column":17},"end":{"line":12,"column":27}},"9":{"start":{"line":13,"column":19},"end":{"line":17,"column":33}},"10":{"start":{"line":19,"column":2},"end":{"line":21,"column":3}},"11":{"start":{"line":20,"column":4},"end":{"line":20,"column":61}},"12":{"start":{"line":23,"column":2},"end":{"line":27,"column":5}},"13":{"start":{"line":30,"column":23},"end":{"line":64,"column":2}},"14":{"start":{"line":30,"column":97},"end":{"line":64,"column":2}},"15":{"start":{"line":31,"column":81},"end":{"line":31,"column":89}},"16":{"start":{"line":33,"column":2},"end":{"line":35,"column":3}},"17":{"start":{"line":34,"column":4},"end":{"line":34,"column":65}},"18":{"start":{"line":37,"column":2},"end":{"line":39,"column":3}},"19":{"start":{"line":38,"column":4},"end":{"line":38,"column":73}},"20":{"start":{"line":41,"column":18},"end":{"line":41,"column":88}},"21":{"start":{"line":43,"column":2},"end":{"line":45,"column":3}},"22":{"start":{"line":44,"column":4},"end":{"line":44,"column":62}},"23":{"start":{"line":47,"column":2},"end":{"line":49,"column":3}},"24":{"start":{"line":48,"column":4},"end":{"line":48,"column":58}},"25":{"start":{"line":51,"column":2},"end":{"line":53,"column":3}},"26":{"start":{"line":52,"column":4},"end":{"line":52,"column":67}},"27":{"start":{"line":55,"column":19},"end":{"line":55,"column":115}},"28":{"start":{"line":57,"column":2},"end":{"line":57,"column":76}},"29":{"start":{"line":57,"column":17},"end":{"line":57,"column":76}},"30":{"start":{"line":59,"column":2},"end":{"line":63,"column":5}},"31":{"start":{"line":66,"column":23},"end":{"line":78,"column":2}},"32":{"start":{"line":66,"column":97},"end":{"line":78,"column":2}},"33":{"start":{"line":67,"column":17},"end":{"line":67,"column":79}},"34":{"start":{"line":69,"column":2},"end":{"line":71,"column":3}},"35":{"start":{"line":70,"column":4},"end":{"line":70,"column":61}},"36":{"start":{"line":73,"column":2},"end":{"line":77,"column":5}},"37":{"start":{"line":80,"column":29},"end":{"line":90,"column":2}},"38":{"start":{"line":80,"column":119},"end":{"line":90,"column":2}},"39":{"start":{"line":81,"column":18},"end":{"line":81,"column":84}},"40":{"start":{"line":82,"column":2},"end":{"line":84,"column":3}},"41":{"start":{"line":83,"column":4},"end":{"line":83,"column":17}},"42":{"start":{"line":86,"column":2},"end":{"line":88,"column":3}},"43":{"start":{"line":87,"column":4},"end":{"line":87,"column":17}},"44":{"start":{"line":89,"column":2},"end":{"line":89,"column":14}},"45":{"start":{"line":92,"column":0},"end":{"line":92,"column":63}}},"fnMap":{"0":{"name":"(anonymous_8)","decl":{"start":{"line":11,"column":36},"end":{"line":11,"column":43}},"loc":{"start":{"line":11,"column":94},"end":{"line":28,"column":2}}},"1":{"name":"(anonymous_9)","decl":{"start":{"line":11,"column":94},"end":{"line":11,"column":null}},"loc":{"start":{"line":11,"column":94},"end":{"line":28,"column":1}}},"2":{"name":"(anonymous_10)","decl":{"start":{"line":30,"column":39},"end":{"line":30,"column":46}},"loc":{"start":{"line":30,"column":97},"end":{"line":64,"column":2}}},"3":{"name":"(anonymous_11)","decl":{"start":{"line":30,"column":97},"end":{"line":30,"column":null}},"loc":{"start":{"line":30,"column":97},"end":{"line":64,"column":1}}},"4":{"name":"(anonymous_12)","decl":{"start":{"line":66,"column":39},"end":{"line":66,"column":46}},"loc":{"start":{"line":66,"column":97},"end":{"line":78,"column":2}}},"5":{"name":"(anonymous_13)","decl":{"start":{"line":66,"column":97},"end":{"line":66,"column":null}},"loc":{"start":{"line":66,"column":97},"end":{"line":78,"column":1}}},"6":{"name":"(anonymous_14)","decl":{"start":{"line":80,"column":29},"end":{"line":80,"column":36}},"loc":{"start":{"line":80,"column":119},"end":{"line":90,"column":2}}},"7":{"name":"(anonymous_15)","decl":{"start":{"line":80,"column":119},"end":{"line":80,"column":null}},"loc":{"start":{"line":80,"column":119},"end":{"line":90,"column":1}}}},"branchMap":{"0":{"loc":{"start":{"line":19,"column":2},"end":{"line":21,"column":3}},"type":"if","locations":[{"start":{"line":19,"column":2},"end":{"line":21,"column":3}}]},"1":{"loc":{"start":{"line":19,"column":6},"end":{"line":19,"column":40}},"type":"binary-expr","locations":[{"start":{"line":19,"column":6},"end":{"line":19,"column":15}},{"start":{"line":19,"column":19},"end":{"line":19,"column":40}}]},"2":{"loc":{"start":{"line":33,"column":2},"end":{"line":35,"column":3}},"type":"if","locations":[{"start":{"line":33,"column":2},"end":{"line":35,"column":3}}]},"3":{"loc":{"start":{"line":33,"column":6},"end":{"line":33,"column":55}},"type":"binary-expr","locations":[{"start":{"line":33,"column":6},"end":{"line":33,"column":24}},{"start":{"line":33,"column":28},"end":{"line":33,"column":44}},{"start":{"line":33,"column":48},"end":{"line":33,"column":55}}]},"4":{"loc":{"start":{"line":37,"column":2},"end":{"line":39,"column":3}},"type":"if","locations":[{"start":{"line":37,"column":2},"end":{"line":39,"column":3}}]},"5":{"loc":{"start":{"line":43,"column":2},"end":{"line":45,"column":3}},"type":"if","locations":[{"start":{"line":43,"column":2},"end":{"line":45,"column":3}}]},"6":{"loc":{"start":{"line":43,"column":6},"end":{"line":43,"column":49}},"type":"binary-expr","locations":[{"start":{"line":43,"column":6},"end":{"line":43,"column":18}},{"start":{"line":43,"column":22},"end":{"line":43,"column":49}}]},"7":{"loc":{"start":{"line":47,"column":2},"end":{"line":49,"column":3}},"type":"if","locations":[{"start":{"line":47,"column":2},"end":{"line":49,"column":3}}]},"8":{"loc":{"start":{"line":47,"column":6},"end":{"line":47,"column":36}},"type":"binary-expr","locations":[{"start":{"line":47,"column":6},"end":{"line":47,"column":20}},{"start":{"line":47,"column":24},"end":{"line":47,"column":36}}]},"9":{"loc":{"start":{"line":51,"column":2},"end":{"line":53,"column":3}},"type":"if","locations":[{"start":{"line":51,"column":2},"end":{"line":53,"column":3}}]},"10":{"loc":{"start":{"line":51,"column":6},"end":{"line":51,"column":134}},"type":"binary-expr","locations":[{"start":{"line":51,"column":6},"end":{"line":51,"column":67}},{"start":{"line":51,"column":71},"end":{"line":51,"column":134}}]},"11":{"loc":{"start":{"line":57,"column":2},"end":{"line":57,"column":76}},"type":"if","locations":[{"start":{"line":57,"column":2},"end":{"line":57,"column":76}}]},"12":{"loc":{"start":{"line":69,"column":2},"end":{"line":71,"column":3}},"type":"if","locations":[{"start":{"line":69,"column":2},"end":{"line":71,"column":3}}]},"13":{"loc":{"start":{"line":82,"column":2},"end":{"line":84,"column":3}},"type":"if","locations":[{"start":{"line":82,"column":2},"end":{"line":84,"column":3}}]},"14":{"loc":{"start":{"line":82,"column":6},"end":{"line":82,"column":36}},"type":"binary-expr","locations":[{"start":{"line":82,"column":6},"end":{"line":82,"column":14}},{"start":{"line":82,"column":18},"end":{"line":82,"column":36}}]},"15":{"loc":{"start":{"line":86,"column":2},"end":{"line":88,"column":3}},"type":"if","locations":[{"start":{"line":86,"column":2},"end":{"line":88,"column":3}}]}},"s":{"0":1,"1":1,"2":1,"3":1,"4":1,"5":1,"6":1,"7":0,"8":0,"9":0,"10":0,"11":0,"12":0,"13":1,"14":0,"15":0,"16":0,"17":0,"18":0,"19":0,"20":0,"21":0,"22":0,"23":0,"24":0,"25":0,"26":0,"27":0,"28":0,"29":0,"30":0,"31":1,"32":0,"33":0,"34":0,"35":0,"36":0,"37":1,"38":0,"39":0,"40":0,"41":0,"42":0,"43":0,"44":0,"45":1},"f":{"0":0,"1":0,"2":0,"3":0,"4":0,"5":0,"6":0,"7":0},"b":{"0":[0],"1":[0,0],"2":[0],"3":[0,0,0],"4":[0],"5":[0],"6":[0,0],"7":[0],"8":[0,0],"9":[0],"10":[0,0],"11":[0],"12":[0],"13":[0],"14":[0,0],"15":[0]}}
,"/media/memilan/mount-one/go-lang/bank_mgmt/controller/users/users.controller.ts": {"path":"/media/memilan/mount-one/go-lang/bank_mgmt/controller/users/users.controller.ts","statementMap":{"0":{"start":{"line":2,"column":0},"end":{"line":2,"column":63}},"1":{"start":{"line":3,"column":0},"end":{"line":3,"column":38}},"2":{"start":{"line":4,"column":0},"end":{"line":4,"column":50}},"3":{"start":{"line":5,"column":0},"end":{"line":5,"column":52}},"4":{"start":{"line":6,"column":0},"end":{"line":6,"column":33}},"5":{"start":{"line":7,"column":0},"end":{"line":7,"column":50}},"6":{"start":{"line":11,"column":19},"end":{"line":36,"column":2}},"7":{"start":{"line":11,"column":93},"end":{"line":36,"column":2}},"8":{"start":{"line":12,"column":50},"end":{"line":12,"column":58}},"9":{"start":{"line":14,"column":2},"end":{"line":14,"column":114}},"10":{"start":{"line":14,"column":53},"end":{"line":14,"column":114}},"11":{"start":{"line":16,"column":2},"end":{"line":18,"column":3}},"12":{"start":{"line":17,"column":4},"end":{"line":17,"column":71}},"13":{"start":{"line":20,"column":23},"end":{"line":20,"column":53}},"14":{"start":{"line":22,"column":15},"end":{"line":30,"column":16}},"15":{"start":{"line":32,"column":2},"end":{"line":35,"column":5}},"16":{"start":{"line":38,"column":19},"end":{"line":49,"column":2}},"17":{"start":{"line":38,"column":93},"end":{"line":49,"column":2}},"18":{"start":{"line":39,"column":18},"end":{"line":39,"column":57}},"19":{"start":{"line":41,"column":2},"end":{"line":43,"column":3}},"20":{"start":{"line":42,"column":4},"end":{"line":42,"column":58}},"21":{"start":{"line":45,"column":2},"end":{"line":48,"column":5}},"22":{"start":{"line":51,"column":16},"end":{"line":64,"column":2}},"23":{"start":{"line":51,"column":90},"end":{"line":64,"column":2}},"24":{"start":{"line":52,"column":23},"end":{"line":52,"column":33}},"25":{"start":{"line":53,"column":2},"end":{"line":55,"column":3}},"26":{"start":{"line":54,"column":4},"end":{"line":54,"column":66}},"27":{"start":{"line":57,"column":15},"end":{"line":57,"column":89}},"28":{"start":{"line":59,"column":2},"end":{"line":59,"column":95}},"29":{"start":{"line":59,"column":34},"end":{"line":59,"column":95}},"30":{"start":{"line":60,"column":2},"end":{"line":63,"column":5}},"31":{"start":{"line":66,"column":19},"end":{"line":80,"column":2}},"32":{"start":{"line":66,"column":93},"end":{"line":80,"column":2}},"33":{"start":{"line":67,"column":23},"end":{"line":67,"column":33}},"34":{"start":{"line":68,"column":23},"end":{"line":68,"column":97}},"35":{"start":{"line":70,"column":2},"end":{"line":70,"column":112}},"36":{"start":{"line":70,"column":50},"end":{"line":70,"column":112}},"37":{"start":{"line":71,"column":40},"end":{"line":71,"column":48}},"38":{"start":{"line":73,"column":15},"end":{"line":73,"column":120}},"39":{"start":{"line":74,"column":2},"end":{"line":74,"column":93}},"40":{"start":{"line":74,"column":34},"end":{"line":74,"column":93}},"41":{"start":{"line":76,"column":2},"end":{"line":79,"column":5}},"42":{"start":{"line":83,"column":19},"end":{"line":95,"column":2}},"43":{"start":{"line":83,"column":93},"end":{"line":95,"column":2}},"44":{"start":{"line":84,"column":23},"end":{"line":84,"column":33}},"45":{"start":{"line":85,"column":23},"end":{"line":85,"column":97}},"46":{"start":{"line":87,"column":2},"end":{"line":87,"column":112}},"47":{"start":{"line":87,"column":50},"end":{"line":87,"column":112}},"48":{"start":{"line":89,"column":2},"end":{"line":89,"column":61}},"49":{"start":{"line":91,"column":2},"end":{"line":94,"column":5}},"50":{"start":{"line":97,"column":0},"end":{"line":97,"column":75}}},"fnMap":{"0":{"name":"(anonymous_8)","decl":{"start":{"line":11,"column":35},"end":{"line":11,"column":42}},"loc":{"start":{"line":11,"column":93},"end":{"line":36,"column":2}}},"1":{"name":"(anonymous_9)","decl":{"start":{"line":11,"column":93},"end":{"line":11,"column":null}},"loc":{"start":{"line":11,"column":93},"end":{"line":36,"column":1}}},"2":{"name":"(anonymous_10)","decl":{"start":{"line":38,"column":35},"end":{"line":38,"column":42}},"loc":{"start":{"line":38,"column":93},"end":{"line":49,"column":2}}},"3":{"name":"(anonymous_11)","decl":{"start":{"line":38,"column":93},"end":{"line":38,"column":null}},"loc":{"start":{"line":38,"column":93},"end":{"line":49,"column":1}}},"4":{"name":"(anonymous_12)","decl":{"start":{"line":51,"column":32},"end":{"line":51,"column":39}},"loc":{"start":{"line":51,"column":90},"end":{"line":64,"column":2}}},"5":{"name":"(anonymous_13)","decl":{"start":{"line":51,"column":90},"end":{"line":51,"column":null}},"loc":{"start":{"line":51,"column":90},"end":{"line":64,"column":1}}},"6":{"name":"(anonymous_14)","decl":{"start":{"line":66,"column":35},"end":{"line":66,"column":42}},"loc":{"start":{"line":66,"column":93},"end":{"line":80,"column":2}}},"7":{"name":"(anonymous_15)","decl":{"start":{"line":66,"column":93},"end":{"line":66,"column":null}},"loc":{"start":{"line":66,"column":93},"end":{"line":80,"column":1}}},"8":{"name":"(anonymous_16)","decl":{"start":{"line":83,"column":35},"end":{"line":83,"column":42}},"loc":{"start":{"line":83,"column":93},"end":{"line":95,"column":2}}},"9":{"name":"(anonymous_17)","decl":{"start":{"line":83,"column":93},"end":{"line":83,"column":null}},"loc":{"start":{"line":83,"column":93},"end":{"line":95,"column":1}}}},"branchMap":{"0":{"loc":{"start":{"line":14,"column":2},"end":{"line":14,"column":114}},"type":"if","locations":[{"start":{"line":14,"column":2},"end":{"line":14,"column":114}}]},"1":{"loc":{"start":{"line":14,"column":6},"end":{"line":14,"column":51}},"type":"binary-expr","locations":[{"start":{"line":14,"column":6},"end":{"line":14,"column":15}},{"start":{"line":14,"column":19},"end":{"line":14,"column":28}},{"start":{"line":14,"column":32},"end":{"line":14,"column":41}},{"start":{"line":14,"column":45},"end":{"line":14,"column":51}}]},"2":{"loc":{"start":{"line":16,"column":2},"end":{"line":18,"column":3}},"type":"if","locations":[{"start":{"line":16,"column":2},"end":{"line":18,"column":3}}]},"3":{"loc":{"start":{"line":41,"column":2},"end":{"line":43,"column":3}},"type":"if","locations":[{"start":{"line":41,"column":2},"end":{"line":43,"column":3}}]},"4":{"loc":{"start":{"line":41,"column":6},"end":{"line":41,"column":38}},"type":"binary-expr","locations":[{"start":{"line":41,"column":6},"end":{"line":41,"column":14}},{"start":{"line":41,"column":18},"end":{"line":41,"column":38}}]},"5":{"loc":{"start":{"line":53,"column":2},"end":{"line":55,"column":3}},"type":"if","locations":[{"start":{"line":53,"column":2},"end":{"line":55,"column":3}}]},"6":{"loc":{"start":{"line":53,"column":6},"end":{"line":53,"column":34}},"type":"binary-expr","locations":[{"start":{"line":53,"column":6},"end":{"line":53,"column":15}},{"start":{"line":53,"column":19},"end":{"line":53,"column":34}}]},"7":{"loc":{"start":{"line":59,"column":2},"end":{"line":59,"column":95}},"type":"if","locations":[{"start":{"line":59,"column":2},"end":{"line":59,"column":95}}]},"8":{"loc":{"start":{"line":59,"column":6},"end":{"line":59,"column":32}},"type":"binary-expr","locations":[{"start":{"line":59,"column":6},"end":{"line":59,"column":11}},{"start":{"line":59,"column":15},"end":{"line":59,"column":32}}]},"9":{"loc":{"start":{"line":70,"column":2},"end":{"line":70,"column":112}},"type":"if","locations":[{"start":{"line":70,"column":2},"end":{"line":70,"column":112}}]},"10":{"loc":{"start":{"line":70,"column":6},"end":{"line":70,"column":48}},"type":"binary-expr","locations":[{"start":{"line":70,"column":6},"end":{"line":70,"column":19}},{"start":{"line":70,"column":23},"end":{"line":70,"column":48}}]},"11":{"loc":{"start":{"line":74,"column":2},"end":{"line":74,"column":93}},"type":"if","locations":[{"start":{"line":74,"column":2},"end":{"line":74,"column":93}}]},"12":{"loc":{"start":{"line":74,"column":6},"end":{"line":74,"column":32}},"type":"binary-expr","locations":[{"start":{"line":74,"column":6},"end":{"line":74,"column":11}},{"start":{"line":74,"column":15},"end":{"line":74,"column":32}}]},"13":{"loc":{"start":{"line":87,"column":2},"end":{"line":87,"column":112}},"type":"if","locations":[{"start":{"line":87,"column":2},"end":{"line":87,"column":112}}]},"14":{"loc":{"start":{"line":87,"column":6},"end":{"line":87,"column":48}},"type":"binary-expr","locations":[{"start":{"line":87,"column":6},"end":{"line":87,"column":19}},{"start":{"line":87,"column":23},"end":{"line":87,"column":48}}]}},"s":{"0":1,"1":1,"2":1,"3":1,"4":1,"5":1,"6":1,"7":0,"8":0,"9":0,"10":0,"11":0,"12":0,"13":0,"14":0,"15":0,"16":1,"17":0,"18":0,"19":0,"20":0,"21":0,"22":1,"23":0,"24":0,"25":0,"26":0,"27":0,"28":0,"29":0,"30":0,"31":1,"32":0,"33":0,"34":0,"35":0,"36":0,"37":0,"38":0,"39":0,"40":0,"41":0,"42":1,"43":0,"44":0,"45":0,"46":0,"47":0,"48":0,"49":0,"50":1},"f":{"0":0,"1":0,"2":0,"3":0,"4":0,"5":0,"6":0,"7":0,"8":0,"9":0},"b":{"0":[0],"1":[0,0,0,0],"2":[0],"3":[0],"4":[0,0],"5":[0],"6":[0,0],"7":[0],"8":[0,0],"9":[0],"10":[0,0],"11":[0],"12":[0,0],"13":[0],"14":[0,0]}}
,"/media/memilan/mount-one/go-lang/bank_mgmt/db/drizzle.ts": {"path":"/media/memilan/mount-one/go-lang/bank_mgmt/db/drizzle.ts","statementMap":{"0":{"start":{"line":1,"column":0},"end":{"line":1,"column":52}},"1":{"start":{"line":2,"column":0},"end":{"line":2,"column":26}},"2":{"start":{"line":3,"column":0},"end":{"line":3,"column":28}},"3":{"start":{"line":5,"column":0},"end":{"line":5,"column":16}},"4":{"start":{"line":7,"column":0},"end":{"line":9,"column":1}},"5":{"start":{"line":8,"column":2},"end":{"line":8,"column":48}},"6":{"start":{"line":11,"column":13},"end":{"line":13,"column":2}},"7":{"start":{"line":14,"column":13},"end":{"line":14,"column":66}}},"fnMap":{},"branchMap":{"0":{"loc":{"start":{"line":7,"column":0},"end":{"line":9,"column":1}},"type":"if","locations":[{"start":{"line":7,"column":0},"end":{"line":9,"column":1}}]}},"s":{"0":1,"1":1,"2":1,"3":1,"4":1,"5":0,"6":1,"7":1},"f":{},"b":{"0":[0]}}
,"/media/memilan/mount-one/go-lang/bank_mgmt/db/schema.ts": {"path":"/media/memilan/mount-one/go-lang/bank_mgmt/db/schema.ts","statementMap":{"0":{"start":{"line":1,"column":0},"end":{"line":1,"column":41}},"1":{"start":{"line":2,"column":0},"end":{"line":2,"column":40}},"2":{"start":{"line":3,"column":0},"end":{"line":3,"column":42}},"3":{"start":{"line":4,"column":0},"end":{"line":4,"column":38}}},"fnMap":{},"branchMap":{},"s":{"0":1,"1":1,"2":1,"3":1},"f":{},"b":{}}
,"/media/memilan/mount-one/go-lang/bank_mgmt/db/schema/accounts.schema.ts": {"path":"/media/memilan/mount-one/go-lang/bank_mgmt/db/schema/accounts.schema.ts","statementMap":{"0":{"start":{"line":1,"column":0},"end":{"line":1,"column":114}},"1":{"start":{"line":2,"column":0},"end":{"line":2,"column":39}},"2":{"start":{"line":5,"column":13},"end":{"line":5,"column":76}},"3":{"start":{"line":7,"column":13},"end":{"line":24,"column":2}},"4":{"start":{"line":13,"column":24},"end":{"line":13,"column":38}},"5":{"start":{"line":19,"column":4},"end":{"line":22,"column":6}}},"fnMap":{"0":{"name":"(anonymous_0)","decl":{"start":{"line":13,"column":18},"end":{"line":13,"column":21}},"loc":{"start":{"line":13,"column":24},"end":{"line":13,"column":38}}},"1":{"name":"(anonymous_1)","decl":{"start":{"line":18,"column":2},"end":{"line":18,"column":3}},"loc":{"start":{"line":18,"column":12},"end":{"line":23,"column":3}}}},"branchMap":{},"s":{"0":1,"1":1,"2":1,"3":1,"4":0,"5":0},"f":{"0":0,"1":0},"b":{}}
,"/media/memilan/mount-one/go-lang/bank_mgmt/db/schema/entries.schema.ts": {"path":"/media/memilan/mount-one/go-lang/bank_mgmt/db/schema/entries.schema.ts","statementMap":{"0":{"start":{"line":1,"column":0},"end":{"line":1,"column":98}},"1":{"start":{"line":2,"column":0},"end":{"line":2,"column":45}},"2":{"start":{"line":3,"column":0},"end":{"line":3,"column":34}},"3":{"start":{"line":5,"column":13},"end":{"line":20,"column":2}},"4":{"start":{"line":11,"column":24},"end":{"line":11,"column":35}},"5":{"start":{"line":16,"column":4},"end":{"line":18,"column":6}},"6":{"start":{"line":22,"column":0},"end":{"line":22,"column":74}}},"fnMap":{"0":{"name":"(anonymous_0)","decl":{"start":{"line":11,"column":18},"end":{"line":11,"column":21}},"loc":{"start":{"line":11,"column":24},"end":{"line":11,"column":35}}},"1":{"name":"(anonymous_1)","decl":{"start":{"line":15,"column":2},"end":{"line":15,"column":3}},"loc":{"start":{"line":15,"column":12},"end":{"line":19,"column":3}}}},"branchMap":{},"s":{"0":1,"1":1,"2":1,"3":1,"4":0,"5":0,"6":1},"f":{"0":0,"1":0},"b":{}}
,"/media/memilan/mount-one/go-lang/bank_mgmt/db/schema/transfers.schema.ts": {"path":"/media/memilan/mount-one/go-lang/bank_mgmt/db/schema/transfers.schema.ts","statementMap":{"0":{"start":{"line":1,"column":0},"end":{"line":1,"column":34}},"1":{"start":{"line":2,"column":0},"end":{"line":2,"column":98}},"2":{"start":{"line":3,"column":0},"end":{"line":3,"column":45}},"3":{"start":{"line":5,"column":13},"end":{"line":24,"column":2}},"4":{"start":{"line":11,"column":24},"end":{"line":11,"column":35}},"5":{"start":{"line":14,"column":24},"end":{"line":14,"column":35}},"6":{"start":{"line":19,"column":4},"end":{"line":22,"column":6}},"7":{"start":{"line":27,"column":0},"end":{"line":27,"column":68}}},"fnMap":{"0":{"name":"(anonymous_0)","decl":{"start":{"line":11,"column":18},"end":{"line":11,"column":21}},"loc":{"start":{"line":11,"column":24},"end":{"line":11,"column":35}}},"1":{"name":"(anonymous_1)","decl":{"start":{"line":14,"column":18},"end":{"line":14,"column":21}},"loc":{"start":{"line":14,"column":24},"end":{"line":14,"column":35}}},"2":{"name":"(anonymous_2)","decl":{"start":{"line":18,"column":2},"end":{"line":18,"column":3}},"loc":{"start":{"line":18,"column":12},"end":{"line":23,"column":3}}}},"branchMap":{},"s":{"0":1,"1":1,"2":1,"3":1,"4":0,"5":0,"6":0,"7":1},"f":{"0":0,"1":0,"2":0},"b":{}}
,"/media/memilan/mount-one/go-lang/bank_mgmt/db/schema/users.schema.ts": {"path":"/media/memilan/mount-one/go-lang/bank_mgmt/db/schema/users.schema.ts","statementMap":{"0":{"start":{"line":1,"column":0},"end":{"line":1,"column":83}},"1":{"start":{"line":3,"column":13},"end":{"line":10,"column":3}}},"fnMap":{},"branchMap":{},"s":{"0":1,"1":1},"f":{},"b":{}}
,"/media/memilan/mount-one/go-lang/bank_mgmt/helpers/catchAysynFunc.ts": {"path":"/media/memilan/mount-one/go-lang/bank_mgmt/helpers/catchAysynFunc.ts","statementMap":{"0":{"start":{"line":3,"column":24},"end":{"line":5,"column":1}},"1":{"start":{"line":3,"column":91},"end":{"line":5,"column":1}},"2":{"start":{"line":4,"column":2},"end":{"line":4,"column":64}},"3":{"start":{"line":4,"column":53},"end":{"line":4,"column":62}},"4":{"start":{"line":7,"column":9},"end":{"line":7,"column":24}}},"fnMap":{"0":{"name":"(anonymous_0)","decl":{"start":{"line":3,"column":24},"end":{"line":3,"column":25}},"loc":{"start":{"line":3,"column":91},"end":{"line":5,"column":1}}},"1":{"name":"(anonymous_1)","decl":{"start":{"line":3,"column":91},"end":{"line":3,"column":92}},"loc":{"start":{"line":3,"column":143},"end":{"line":5,"column":1}}},"2":{"name":"(anonymous_2)","decl":{"start":{"line":4,"column":44},"end":{"line":4,"column":45}},"loc":{"start":{"line":4,"column":53},"end":{"line":4,"column":62}}}},"branchMap":{},"s":{"0":1,"1":16,"2":2,"3":0,"4":1},"f":{"0":16,"1":2,"2":0},"b":{}}
,"/media/memilan/mount-one/go-lang/bank_mgmt/helpers/customError.ts": {"path":"/media/memilan/mount-one/go-lang/bank_mgmt/helpers/customError.ts","statementMap":{"0":{"start":{"line":5,"column":4},"end":{"line":5,"column":19}},"1":{"start":{"line":6,"column":4},"end":{"line":6,"column":33}},"2":{"start":{"line":7,"column":4},"end":{"line":7,"column":69}},"3":{"start":{"line":9,"column":4},"end":{"line":9,"column":52}},"4":{"start":{"line":13,"column":0},"end":{"line":13,"column":27}}},"fnMap":{"0":{"name":"(anonymous_0)","decl":{"start":{"line":4,"column":2},"end":{"line":4,"column":14}},"loc":{"start":{"line":4,"column":49},"end":{"line":10,"column":3}}}},"branchMap":{"0":{"loc":{"start":{"line":7,"column":18},"end":{"line":7,"column":68}},"type":"cond-expr","locations":[{"start":{"line":7,"column":52},"end":{"line":7,"column":58}},{"start":{"line":7,"column":61},"end":{"line":7,"column":68}}]}},"s":{"0":0,"1":0,"2":0,"3":0,"4":1},"f":{"0":0},"b":{"0":[0,0]}}
,"/media/memilan/mount-one/go-lang/bank_mgmt/middleware/trimmer.ts": {"path":"/media/memilan/mount-one/go-lang/bank_mgmt/middleware/trimmer.ts","statementMap":{"0":{"start":{"line":3,"column":23},"end":{"line":11,"column":1}},"1":{"start":{"line":4,"column":2},"end":{"line":8,"column":3}},"2":{"start":{"line":5,"column":4},"end":{"line":7,"column":5}},"3":{"start":{"line":6,"column":6},"end":{"line":6,"column":35}},"4":{"start":{"line":10,"column":2},"end":{"line":10,"column":9}},"5":{"start":{"line":3,"column":13},"end":{"line":3,"column":23}}},"fnMap":{"0":{"name":"(anonymous_0)","decl":{"start":{"line":3,"column":23},"end":{"line":3,"column":24}},"loc":{"start":{"line":3,"column":75},"end":{"line":11,"column":1}}}},"branchMap":{"0":{"loc":{"start":{"line":5,"column":4},"end":{"line":7,"column":5}},"type":"if","locations":[{"start":{"line":5,"column":4},"end":{"line":7,"column":5}}]}},"s":{"0":1,"1":1,"2":0,"3":0,"4":1,"5":1},"f":{"0":1},"b":{"0":[0]}}
,"/media/memilan/mount-one/go-lang/bank_mgmt/routes/accounts.routes.ts": {"path":"/media/memilan/mount-one/go-lang/bank_mgmt/routes/accounts.routes.ts","statementMap":{"0":{"start":{"line":1,"column":0},"end":{"line":1,"column":30}},"1":{"start":{"line":2,"column":0},"end":{"line":2,"column":75}},"2":{"start":{"line":4,"column":15},"end":{"line":4,"column":31}},"3":{"start":{"line":6,"column":0},"end":{"line":6,"column":94}},"4":{"start":{"line":8,"column":0},"end":{"line":8,"column":134}},"5":{"start":{"line":10,"column":0},"end":{"line":10,"column":22}}},"fnMap":{},"branchMap":{},"s":{"0":1,"1":1,"2":1,"3":1,"4":1,"5":1},"f":{},"b":{}}
,"/media/memilan/mount-one/go-lang/bank_mgmt/routes/entries.routes.ts": {"path":"/media/memilan/mount-one/go-lang/bank_mgmt/routes/entries.routes.ts","statementMap":{"0":{"start":{"line":1,"column":0},"end":{"line":1,"column":30}},"1":{"start":{"line":2,"column":0},"end":{"line":2,"column":73}},"2":{"start":{"line":4,"column":15},"end":{"line":4,"column":31}},"3":{"start":{"line":6,"column":0},"end":{"line":6,"column":91}},"4":{"start":{"line":8,"column":0},"end":{"line":8,"column":53}},"5":{"start":{"line":10,"column":0},"end":{"line":10,"column":22}}},"fnMap":{},"branchMap":{},"s":{"0":1,"1":1,"2":1,"3":1,"4":1,"5":1},"f":{},"b":{}}
,"/media/memilan/mount-one/go-lang/bank_mgmt/routes/transfers.routes.ts": {"path":"/media/memilan/mount-one/go-lang/bank_mgmt/routes/transfers.routes.ts","statementMap":{"0":{"start":{"line":1,"column":0},"end":{"line":1,"column":30}},"1":{"start":{"line":2,"column":0},"end":{"line":2,"column":78}},"2":{"start":{"line":4,"column":15},"end":{"line":4,"column":31}},"3":{"start":{"line":6,"column":0},"end":{"line":6,"column":97}},"4":{"start":{"line":8,"column":0},"end":{"line":8,"column":57}},"5":{"start":{"line":10,"column":0},"end":{"line":10,"column":22}}},"fnMap":{},"branchMap":{},"s":{"0":1,"1":1,"2":1,"3":1,"4":1,"5":1},"f":{},"b":{}}
,"/media/memilan/mount-one/go-lang/bank_mgmt/routes/users.routes.ts": {"path":"/media/memilan/mount-one/go-lang/bank_mgmt/routes/users.routes.ts","statementMap":{"0":{"start":{"line":1,"column":0},"end":{"line":1,"column":30}},"1":{"start":{"line":2,"column":0},"end":{"line":2,"column":68}},"2":{"start":{"line":4,"column":15},"end":{"line":4,"column":31}},"3":{"start":{"line":6,"column":0},"end":{"line":6,"column":81}},"4":{"start":{"line":8,"column":0},"end":{"line":8,"column":122}},"5":{"start":{"line":10,"column":0},"end":{"line":10,"column":22}}},"fnMap":{},"branchMap":{},"s":{"0":1,"1":1,"2":1,"3":1,"4":1,"5":1},"f":{},"b":{}}
}
