TN:
SF:app.ts
FN:24,(anonymous_1)
FNF:1
FNH:0
FNDA:0,(anonymous_1)
DA:1,1
DA:2,1
DA:3,1
DA:4,1
DA:5,1
DA:7,1
DA:8,1
DA:9,1
DA:21,1
DA:22,1
DA:24,1
DA:25,0
DA:33,1
DA:35,1
LF:14
LH:13
BRF:0
BRH:0
end_of_record
TN:
SF:controller/accounts.controller.ts
FN:8,(anonymous_8)
FN:14,(anonymous_9)
FN:14,(anonymous_10)
FN:30,(anonymous_11)
FN:30,(anonymous_12)
FN:44,(anonymous_13)
FN:44,(anonymous_14)
FN:78,(anonymous_15)
FN:78,(anonymous_16)
FN:103,(anonymous_17)
FN:103,(anonymous_18)
FNF:11
FNH:5
FNDA:1,(anonymous_8)
FNDA:0,(anonymous_9)
FNDA:0,(anonymous_10)
FNDA:1,(anonymous_11)
FNDA:1,(anonymous_12)
FNDA:1,(anonymous_13)
FNDA:1,(anonymous_14)
FNDA:0,(anonymous_15)
FNDA:0,(anonymous_16)
FNDA:0,(anonymous_17)
FNDA:0,(anonymous_18)
DA:2,1
DA:3,1
DA:4,1
DA:5,1
DA:6,1
DA:8,1
DA:9,1
DA:10,1
DA:11,1
DA:14,1
DA:15,0
DA:17,0
DA:19,0
DA:20,0
DA:23,0
DA:30,1
DA:31,1
DA:33,0
DA:34,0
DA:37,0
DA:44,1
DA:45,1
DA:47,1
DA:48,0
DA:54,1
DA:55,0
DA:61,1
DA:70,1
DA:72,1
DA:78,1
DA:79,0
DA:80,0
DA:82,0
DA:83,0
DA:86,0
DA:87,0
DA:90,0
DA:94,0
DA:96,0
DA:103,1
DA:104,0
DA:105,0
DA:107,0
DA:108,0
DA:111,0
DA:113,0
DA:120,1
LF:47
LH:22
BRDA:8,0,0,1
BRDA:8,0,1,1
BRDA:19,1,0,0
BRDA:33,2,0,0
BRDA:47,3,0,0
BRDA:47,4,0,1
BRDA:47,4,1,1
BRDA:47,4,2,1
BRDA:54,5,0,0
BRDA:82,6,0,0
BRDA:86,7,0,0
BRDA:107,8,0,0
BRF:12
BRH:5
end_of_record
TN:
SF:controller/entries.controller.ts
FN:8,(anonymous_8)
FN:8,(anonymous_9)
FN:27,(anonymous_10)
FN:27,(anonymous_11)
FN:42,(anonymous_12)
FN:42,(anonymous_13)
FNF:6
FNH:0
FNDA:0,(anonymous_8)
FNDA:0,(anonymous_9)
FNDA:0,(anonymous_10)
FNDA:0,(anonymous_11)
FNDA:0,(anonymous_12)
FNDA:0,(anonymous_13)
DA:2,1
DA:3,1
DA:4,1
DA:5,1
DA:6,1
DA:8,1
DA:9,0
DA:11,0
DA:16,0
DA:17,0
DA:20,0
DA:27,1
DA:28,0
DA:30,0
DA:31,0
DA:34,0
DA:36,0
DA:42,1
DA:43,0
DA:45,0
DA:46,0
DA:49,0
DA:56,1
LF:23
LH:9
BRDA:16,0,0,0
BRDA:30,1,0,0
BRDA:30,2,0,0
BRDA:30,2,1,0
BRDA:45,3,0,0
BRF:5
BRH:0
end_of_record
TN:
SF:controller/errors.controller.ts
FN:4,(anonymous_0)
FNF:1
FNH:1
FNDA:1,(anonymous_0)
DA:4,1
DA:5,1
DA:6,1
DA:7,1
LF:4
LH:4
BRDA:5,0,0,1
BRDA:5,0,1,1
BRDA:6,1,0,1
BRDA:6,1,1,1
BRF:4
BRH:4
end_of_record
TN:
SF:db/drizzle.ts
FNF:0
FNH:0
DA:1,1
DA:2,1
DA:3,1
DA:5,1
DA:7,1
DA:8,0
DA:11,1
DA:14,1
LF:8
LH:7
BRDA:7,0,0,0
BRF:1
BRH:0
end_of_record
TN:
SF:db/schema.ts
FNF:0
FNH:0
DA:1,1
DA:2,1
DA:3,1
LF:3
LH:3
BRF:0
BRH:0
end_of_record
TN:
SF:db/schema/accounts.schema.ts
FN:14,(anonymous_0)
FNF:1
FNH:0
FNDA:0,(anonymous_0)
DA:1,1
DA:3,1
DA:5,1
DA:15,0
LF:4
LH:3
BRF:0
BRH:0
end_of_record
TN:
SF:db/schema/entries.schema.ts
FN:11,(anonymous_0)
FN:15,(anonymous_1)
FNF:2
FNH:0
FNDA:0,(anonymous_0)
FNDA:0,(anonymous_1)
DA:1,1
DA:2,1
DA:3,1
DA:5,1
DA:11,0
DA:16,0
DA:22,1
LF:7
LH:5
BRF:0
BRH:0
end_of_record
TN:
SF:db/schema/transfers.schema.ts
FN:11,(anonymous_0)
FN:14,(anonymous_1)
FN:18,(anonymous_2)
FNF:3
FNH:0
FNDA:0,(anonymous_0)
FNDA:0,(anonymous_1)
FNDA:0,(anonymous_2)
DA:1,1
DA:2,1
DA:3,1
DA:5,1
DA:11,0
DA:14,0
DA:19,0
DA:27,1
LF:8
LH:5
BRF:0
BRH:0
end_of_record
TN:
SF:helpers/catchAysynFunc.ts
FN:3,(anonymous_0)
FN:3,(anonymous_1)
FN:4,(anonymous_2)
FNF:3
FNH:3
FNDA:8,(anonymous_0)
FNDA:2,(anonymous_1)
FNDA:1,(anonymous_2)
DA:3,8
DA:4,2
DA:7,1
LF:3
LH:3
BRF:0
BRH:0
end_of_record
TN:
SF:helpers/customError.ts
FN:4,(anonymous_0)
FNF:1
FNH:0
FNDA:0,(anonymous_0)
DA:5,0
DA:6,0
DA:7,0
DA:9,0
DA:13,1
LF:5
LH:1
BRDA:7,0,0,0
BRDA:7,0,1,0
BRF:2
BRH:0
end_of_record
TN:
SF:routes/accounts.routes.ts
FNF:0
FNH:0
DA:1,1
DA:2,1
DA:4,1
DA:6,1
DA:8,1
DA:10,1
LF:6
LH:6
BRF:0
BRH:0
end_of_record
TN:
SF:routes/entries.routes.ts
FNF:0
FNH:0
DA:1,1
DA:2,1
DA:4,1
DA:6,1
DA:8,1
DA:10,1
LF:6
LH:6
BRF:0
BRH:0
end_of_record
